Using pre-set license
Built from '2020.3/release' branch; Version is '2020.3.7f1 (dd97f2c94397) revision 14522354'; Using compiler version '192528614'; Build Type 'Release'
OS: 'Windows 10 Enterprise LTSC 2019; OS build 17763.1935; Version 1809; 64bit' Language: 'ru' Physical Memory: 8130 MB
BatchMode: 1, IsHumanControllingUs: 0, StartBugReporterOnCrash: 0, Is64bit: 1, IsPro: 0

 COMMAND LINE ARGUMENTS:
C:\Program Files\Unity\Hub\Editor\2020.3.7f1\Editor\Unity.exe
-adb2
-batchMode
-noUpm
-name
AssetImportWorker0
-projectPath
C:/Users/1/Documents/3P Shooter
-logFile
Logs/AssetImportWorker0.log
-srvPort
55698
Successfully changed project path to: C:/Users/1/Documents/3P Shooter
C:/Users/1/Documents/3P Shooter
Using Asset Import Pipeline V2.
Refreshing native plugins compatible for Editor in 35.26 ms, found 0 plugins.
Preloading 0 native plugins for Editor in 0.00 ms.
Initialize engine version: 2020.3.7f1 (dd97f2c94397)
[Subsystems] Discovering subsystems at path C:/Program Files/Unity/Hub/Editor/2020.3.7f1/Editor/Data/Resources/UnitySubsystems
[Subsystems] Discovering subsystems at path C:/Users/1/Documents/3P Shooter/Assets
GfxDevice: creating device client; threaded=0
Direct3D:
    Version:  Direct3D 11.0 [level 11.1]
    Renderer: AMD Radeon R7 200 Series (ID=0x6658)
    Vendor:   
    VRAM:     1000 MB
    Driver:   27.20.15003.1004
Initialize mono
Mono path[0] = 'C:/Program Files/Unity/Hub/Editor/2020.3.7f1/Editor/Data/Managed'
Mono path[1] = 'C:/Program Files/Unity/Hub/Editor/2020.3.7f1/Editor/Data/MonoBleedingEdge/lib/mono/unityjit'
Mono config path = 'C:/Program Files/Unity/Hub/Editor/2020.3.7f1/Editor/Data/MonoBleedingEdge/etc'
Using monoOptions --debugger-agent=transport=dt_socket,embedding=1,server=y,suspend=n,address=127.0.0.1:56976
Begin MonoManager ReloadAssembly
Registering precompiled unity dll's ...
Register platform support module: C:/Program Files/Unity/Hub/Editor/2020.3.7f1/Editor/Data/PlaybackEngines/WindowsStandaloneSupport/UnityEditor.WindowsStandalone.Extensions.dll
Registered in 0.001382 seconds.
Native extension for WindowsStandalone target not found
Refreshing native plugins compatible for Editor in 24.22 ms, found 0 plugins.
Preloading 0 native plugins for Editor in 0.00 ms.
Mono: successfully reloaded assembly
- Completed reload, in  1.266 seconds
Platform modules already initialized, skipping
Registering precompiled user dll's ...
Registered in 0.000616 seconds.
Begin MonoManager ReloadAssembly
Native extension for WindowsStandalone target not found
Refreshing native plugins compatible for Editor in 0.24 ms, found 0 plugins.
Preloading 0 native plugins for Editor in 0.00 ms.
Mono: successfully reloaded assembly
- Completed reload, in  1.075 seconds
Platform modules already initialized, skipping
========================================================================
Worker process is ready to serve import requests
Launched and connected shader compiler UnityShaderCompiler.exe after 0.05 seconds
Refreshing native plugins compatible for Editor in 0.32 ms, found 0 plugins.
Preloading 0 native plugins for Editor in 0.00 ms.
Unloading 1132 Unused Serialized files (Serialized files now loaded: 0)
System memory in use before: 58.4 MB.
System memory in use after: 58.5 MB.

Unloading 10 unused Assets to reduce memory usage. Loaded Objects now: 1577.
Total: 1.846300 ms (FindLiveObjects: 0.244400 ms CreateObjectMapping: 0.108300 ms MarkObjects: 1.412500 ms  DeleteObjects: 0.078400 ms)

========================================================================
Received Import Request.
  path: Assets/Scripts/RangedBehaviour.cs
  artifactKey: Guid(60dfc231de9f2eb49922452e1eff8951) Importer(815301076,1909f56bfc062723c751e8b465ee728b)
Start importing Assets/Scripts/RangedBehaviour.cs using Guid(60dfc231de9f2eb49922452e1eff8951) Importer(815301076,1909f56bfc062723c751e8b465ee728b)  -> (artifact id: 'c15ea27d8f12426094b7667e544cfb91') in 0.019815 seconds
  Import took 0.036104 seconds .

========================================================================
Received Prepare
Registering precompiled user dll's ...
Registered in 0.000723 seconds.
Begin MonoManager ReloadAssembly
Native extension for WindowsStandalone target not found
Refreshing native plugins compatible for Editor in 0.22 ms, found 0 plugins.
Preloading 0 native plugins for Editor in 0.00 ms.
Mono: successfully reloaded assembly
- Completed reload, in  0.850 seconds
Platform modules already initialized, skipping
Refreshing native plugins compatible for Editor in 0.21 ms, found 0 plugins.
Preloading 0 native plugins for Editor in 0.00 ms.
Unloading 1127 Unused Serialized files (Serialized files now loaded: 0)
System memory in use before: 58.4 MB.
System memory in use after: 58.4 MB.

Unloading 5 unused Assets to reduce memory usage. Loaded Objects now: 1580.
Total: 1.766500 ms (FindLiveObjects: 0.144200 ms CreateObjectMapping: 0.039600 ms MarkObjects: 1.523300 ms  DeleteObjects: 0.057900 ms)

========================================================================
Received Import Request.
  Time since last request: 103.311547 seconds.
  path: Assets/Scripts/RangedBehaviour.cs
  artifactKey: Guid(60dfc231de9f2eb49922452e1eff8951) Importer(815301076,1909f56bfc062723c751e8b465ee728b)
Start importing Assets/Scripts/RangedBehaviour.cs using Guid(60dfc231de9f2eb49922452e1eff8951) Importer(815301076,1909f56bfc062723c751e8b465ee728b)  -> (artifact id: 'ba916a1664fc4e5a037105662518ecf5') in 0.004308 seconds
  Import took 0.017619 seconds .

========================================================================
Received Import Request.
  Time since last request: 0.625266 seconds.
  path: Assets/Scripts/Melee_Behaviour.cs
  artifactKey: Guid(139542171f4dca147a6f5856a4832daf) Importer(815301076,1909f56bfc062723c751e8b465ee728b)
Start importing Assets/Scripts/Melee_Behaviour.cs using Guid(139542171f4dca147a6f5856a4832daf) Importer(815301076,1909f56bfc062723c751e8b465ee728b)  -> (artifact id: '0c2110d4ceb9331a4b0f772cdb45ca6b') in 0.002846 seconds
  Import took 0.015614 seconds .

========================================================================
Received Import Request.
  Time since last request: 0.018970 seconds.
  path: Assets/Scripts/Melee_Behaviour.cs
  artifactKey: Guid(139542171f4dca147a6f5856a4832daf) Importer(815301076,1909f56bfc062723c751e8b465ee728b)
Start importing Assets/Scripts/Melee_Behaviour.cs using Guid(139542171f4dca147a6f5856a4832daf) Importer(815301076,1909f56bfc062723c751e8b465ee728b)  -> (artifact id: '0c2110d4ceb9331a4b0f772cdb45ca6b') in 0.003414 seconds
  Import took 0.006130 seconds .

========================================================================
Received Import Request.
  Time since last request: 117.394969 seconds.
  path: Assets/Scripts/Melee_Behaviour.cs
  artifactKey: Guid(139542171f4dca147a6f5856a4832daf) Importer(815301076,1909f56bfc062723c751e8b465ee728b)
Start importing Assets/Scripts/Melee_Behaviour.cs using Guid(139542171f4dca147a6f5856a4832daf) Importer(815301076,1909f56bfc062723c751e8b465ee728b)  -> (artifact id: '3c17a5119eb5f56f01246aa06e5cfc38') in 0.002734 seconds
  Import took 0.025256 seconds .

========================================================================
Received Import Request.
  Time since last request: 0.006114 seconds.
  path: Assets/Scripts/Melee_Behaviour.cs
  artifactKey: Guid(139542171f4dca147a6f5856a4832daf) Importer(815301076,1909f56bfc062723c751e8b465ee728b)
Start importing Assets/Scripts/Melee_Behaviour.cs using Guid(139542171f4dca147a6f5856a4832daf) Importer(815301076,1909f56bfc062723c751e8b465ee728b)  -> (artifact id: '3c17a5119eb5f56f01246aa06e5cfc38') in 0.002982 seconds
  Import took 0.006227 seconds .

========================================================================
Received Import Request.
  Time since last request: 4.064681 seconds.
  path: Assets/Scripts/RangedBehaviour.cs
  artifactKey: Guid(60dfc231de9f2eb49922452e1eff8951) Importer(815301076,1909f56bfc062723c751e8b465ee728b)
Start importing Assets/Scripts/RangedBehaviour.cs using Guid(60dfc231de9f2eb49922452e1eff8951) Importer(815301076,1909f56bfc062723c751e8b465ee728b)  -> (artifact id: 'a42be92b3cb22cf6199a0a091acb01c5') in 0.002484 seconds
  Import took 0.024270 seconds .

========================================================================
Received Prepare
Registering precompiled user dll's ...
Registered in 0.000910 seconds.
Begin MonoManager ReloadAssembly
Native extension for WindowsStandalone target not found
Refreshing native plugins compatible for Editor in 0.21 ms, found 0 plugins.
Preloading 0 native plugins for Editor in 0.00 ms.
Mono: successfully reloaded assembly
- Completed reload, in  0.836 seconds
Platform modules already initialized, skipping
Refreshing native plugins compatible for Editor in 0.23 ms, found 0 plugins.
Preloading 0 native plugins for Editor in 0.00 ms.
Unloading 1127 Unused Serialized files (Serialized files now loaded: 0)
System memory in use before: 58.4 MB.
System memory in use after: 58.5 MB.

Unloading 5 unused Assets to reduce memory usage. Loaded Objects now: 1583.
Total: 1.944800 ms (FindLiveObjects: 0.245500 ms CreateObjectMapping: 0.048600 ms MarkObjects: 1.591200 ms  DeleteObjects: 0.057000 ms)

========================================================================
Received Import Request.
  Time since last request: 197.416837 seconds.
  path: Assets/Scripts/RangedBehaviour.cs
  artifactKey: Guid(60dfc231de9f2eb49922452e1eff8951) Importer(815301076,1909f56bfc062723c751e8b465ee728b)
Start importing Assets/Scripts/RangedBehaviour.cs using Guid(60dfc231de9f2eb49922452e1eff8951) Importer(815301076,1909f56bfc062723c751e8b465ee728b)  -> (artifact id: 'ae70a201aa33947c7c321fe149eda7d4') in 0.004203 seconds
  Import took 0.014037 seconds .

========================================================================
Received Import Request.
  Time since last request: 24.264212 seconds.
  path: Assets/Prefab/Range.prefab
  artifactKey: Guid(af97386b868289f4ab34503a82d3a802) Importer(815301076,1909f56bfc062723c751e8b465ee728b)
Start importing Assets/Prefab/Range.prefab using Guid(af97386b868289f4ab34503a82d3a802) Importer(815301076,1909f56bfc062723c751e8b465ee728b)  -> (artifact id: '279911d168a54b13658cf2379390fc11') in 0.092811 seconds
  Import took 0.095079 seconds .

========================================================================
Received Import Request.
  Time since last request: 2.088481 seconds.
  path: Assets/Prefab/Range.prefab
  artifactKey: Guid(af97386b868289f4ab34503a82d3a802) Importer(815301076,1909f56bfc062723c751e8b465ee728b)
Start importing Assets/Prefab/Range.prefab using Guid(af97386b868289f4ab34503a82d3a802) Importer(815301076,1909f56bfc062723c751e8b465ee728b)  -> (artifact id: '086cf2a69502f5cbfe1545e1d214431e') in 0.029968 seconds
  Import took 0.032748 seconds .

========================================================================
Received Import Request.
  Time since last request: 2.527322 seconds.
  path: Assets/Prefab/Range.prefab
  artifactKey: Guid(af97386b868289f4ab34503a82d3a802) Importer(815301076,1909f56bfc062723c751e8b465ee728b)
Start importing Assets/Prefab/Range.prefab using Guid(af97386b868289f4ab34503a82d3a802) Importer(815301076,1909f56bfc062723c751e8b465ee728b)  -> (artifact id: 'cac8acf43167059af877c2985b98b384') in 0.016860 seconds
  Import took 0.019676 seconds .

========================================================================
Received Import Request.
  Time since last request: 5.808696 seconds.
  path: Assets/Prefab/Range.prefab
  artifactKey: Guid(af97386b868289f4ab34503a82d3a802) Importer(815301076,1909f56bfc062723c751e8b465ee728b)
Start importing Assets/Prefab/Range.prefab using Guid(af97386b868289f4ab34503a82d3a802) Importer(815301076,1909f56bfc062723c751e8b465ee728b)  -> (artifact id: 'ddfa5b516fb6eae2fd029e21f23b8646') in 0.024716 seconds
  Import took 0.040511 seconds .

========================================================================
Received Import Request.
  Time since last request: 3.931418 seconds.
  path: Assets/Prefab/Range.prefab
  artifactKey: Guid(af97386b868289f4ab34503a82d3a802) Importer(815301076,1909f56bfc062723c751e8b465ee728b)
Start importing Assets/Prefab/Range.prefab using Guid(af97386b868289f4ab34503a82d3a802) Importer(815301076,1909f56bfc062723c751e8b465ee728b)  -> (artifact id: 'b4f24c3ed676401f118f53fde6ed6597') in 0.016915 seconds
  Import took 0.020099 seconds .

========================================================================
Received Import Request.
  Time since last request: 9.020376 seconds.
  path: Assets/Prefab/Range.prefab
  artifactKey: Guid(af97386b868289f4ab34503a82d3a802) Importer(815301076,1909f56bfc062723c751e8b465ee728b)
Start importing Assets/Prefab/Range.prefab using Guid(af97386b868289f4ab34503a82d3a802) Importer(815301076,1909f56bfc062723c751e8b465ee728b)  -> (artifact id: '9e130745e912553e5c43d14c3dcdcb74') in 0.028056 seconds
  Import took 0.030955 seconds .

========================================================================
Received Import Request.
  Time since last request: 7.873327 seconds.
  path: Assets/Prefab/Range.prefab
  artifactKey: Guid(af97386b868289f4ab34503a82d3a802) Importer(815301076,1909f56bfc062723c751e8b465ee728b)
Start importing Assets/Prefab/Range.prefab using Guid(af97386b868289f4ab34503a82d3a802) Importer(815301076,1909f56bfc062723c751e8b465ee728b)  -> (artifact id: 'dbf3d7e84df61386dd8ae114b9f6afcb') in 0.017714 seconds
  Import took 0.021392 seconds .

========================================================================
Received Import Request.
  Time since last request: 7.243495 seconds.
  path: Assets/Prefab/Range.prefab
  artifactKey: Guid(af97386b868289f4ab34503a82d3a802) Importer(815301076,1909f56bfc062723c751e8b465ee728b)
Start importing Assets/Prefab/Range.prefab using Guid(af97386b868289f4ab34503a82d3a802) Importer(815301076,1909f56bfc062723c751e8b465ee728b)  -> (artifact id: '78eb5a97387a88df08d0e02f67021d93') in 0.022323 seconds
  Import took 0.026636 seconds .

========================================================================
Received Import Request.
  Time since last request: 2.624322 seconds.
  path: Assets/Prefab/Range.prefab
  artifactKey: Guid(af97386b868289f4ab34503a82d3a802) Importer(815301076,1909f56bfc062723c751e8b465ee728b)
Start importing Assets/Prefab/Range.prefab using Guid(af97386b868289f4ab34503a82d3a802) Importer(815301076,1909f56bfc062723c751e8b465ee728b)  -> (artifact id: '722bdec6f641514a9a48e5c34de4f7a8') in 0.020245 seconds
  Import took 0.023685 seconds .

========================================================================
Received Import Request.
  Time since last request: 2.590079 seconds.
  path: Assets/Prefab/Range.prefab
  artifactKey: Guid(af97386b868289f4ab34503a82d3a802) Importer(815301076,1909f56bfc062723c751e8b465ee728b)
Start importing Assets/Prefab/Range.prefab using Guid(af97386b868289f4ab34503a82d3a802) Importer(815301076,1909f56bfc062723c751e8b465ee728b)  -> (artifact id: '8a42c30e380e521da5807d139dd46d70') in 0.018502 seconds
  Import took 0.035762 seconds .

========================================================================
Received Import Request.
  Time since last request: 0.981956 seconds.
  path: Assets/Prefab/Range.prefab
  artifactKey: Guid(af97386b868289f4ab34503a82d3a802) Importer(815301076,1909f56bfc062723c751e8b465ee728b)
Start importing Assets/Prefab/Range.prefab using Guid(af97386b868289f4ab34503a82d3a802) Importer(815301076,1909f56bfc062723c751e8b465ee728b)  -> (artifact id: '05af4dce9b24a2bdd3091ce9568b083d') in 0.014780 seconds
  Import took 0.017070 seconds .

========================================================================
Received Import Request.
  Time since last request: 11.171154 seconds.
  path: Assets/Prefab/Range.prefab
  artifactKey: Guid(af97386b868289f4ab34503a82d3a802) Importer(815301076,1909f56bfc062723c751e8b465ee728b)
Start importing Assets/Prefab/Range.prefab using Guid(af97386b868289f4ab34503a82d3a802) Importer(815301076,1909f56bfc062723c751e8b465ee728b)  -> (artifact id: 'abc2ab41cb1ae92c9791e222b3fe8b32') in 0.018578 seconds
  Import took 0.029973 seconds .

========================================================================
Received Import Request.
  Time since last request: 3.458299 seconds.
  path: Assets/Prefab/Range.prefab
  artifactKey: Guid(af97386b868289f4ab34503a82d3a802) Importer(815301076,1909f56bfc062723c751e8b465ee728b)
Start importing Assets/Prefab/Range.prefab using Guid(af97386b868289f4ab34503a82d3a802) Importer(815301076,1909f56bfc062723c751e8b465ee728b)  -> (artifact id: '8f570e1d23d5b9b3a61b9c15d25bab80') in 0.016481 seconds
  Import took 0.033739 seconds .

========================================================================
Received Import Request.
  Time since last request: 4.799408 seconds.
  path: Assets/Prefab/Range.prefab
  artifactKey: Guid(af97386b868289f4ab34503a82d3a802) Importer(815301076,1909f56bfc062723c751e8b465ee728b)
Start importing Assets/Prefab/Range.prefab using Guid(af97386b868289f4ab34503a82d3a802) Importer(815301076,1909f56bfc062723c751e8b465ee728b)  -> (artifact id: '784e514ce6b86d8c9059f9027b818e62') in 0.024502 seconds
  Import took 0.028448 seconds .

========================================================================
Received Import Request.
  Time since last request: 4.474126 seconds.
  path: Assets/Prefab/Range.prefab
  artifactKey: Guid(af97386b868289f4ab34503a82d3a802) Importer(815301076,1909f56bfc062723c751e8b465ee728b)
Start importing Assets/Prefab/Range.prefab using Guid(af97386b868289f4ab34503a82d3a802) Importer(815301076,1909f56bfc062723c751e8b465ee728b)  -> (artifact id: '47abb819f6e1661cd3a38b946c49d0cf') in 0.017560 seconds
  Import took 0.020096 seconds .

========================================================================
Received Import Request.
  Time since last request: 7.758732 seconds.
  path: Assets/Prefab/Range.prefab
  artifactKey: Guid(af97386b868289f4ab34503a82d3a802) Importer(815301076,1909f56bfc062723c751e8b465ee728b)
Start importing Assets/Prefab/Range.prefab using Guid(af97386b868289f4ab34503a82d3a802) Importer(815301076,1909f56bfc062723c751e8b465ee728b)  -> (artifact id: 'bf8f68a33ea2a0ffcfde003692d718e2') in 0.018919 seconds
  Import took 0.021601 seconds .

========================================================================
Received Import Request.
  Time since last request: 2.192804 seconds.
  path: Assets/Prefab/Range.prefab
  artifactKey: Guid(af97386b868289f4ab34503a82d3a802) Importer(815301076,1909f56bfc062723c751e8b465ee728b)
Start importing Assets/Prefab/Range.prefab using Guid(af97386b868289f4ab34503a82d3a802) Importer(815301076,1909f56bfc062723c751e8b465ee728b)  -> (artifact id: '085a941c573aafd337a5fec65bc93c0f') in 0.014790 seconds
  Import took 0.017314 seconds .

========================================================================
Received Import Request.
  Time since last request: 2.610551 seconds.
  path: Assets/Prefab/Range.prefab
  artifactKey: Guid(af97386b868289f4ab34503a82d3a802) Importer(815301076,1909f56bfc062723c751e8b465ee728b)
Start importing Assets/Prefab/Range.prefab using Guid(af97386b868289f4ab34503a82d3a802) Importer(815301076,1909f56bfc062723c751e8b465ee728b)  -> (artifact id: '3d6ef30eebb9c55153d1204bb86c7716') in 0.014794 seconds
  Import took 0.017107 seconds .

========================================================================
Received Import Request.
  Time since last request: 1.848492 seconds.
  path: Assets/Prefab/Range.prefab
  artifactKey: Guid(af97386b868289f4ab34503a82d3a802) Importer(815301076,1909f56bfc062723c751e8b465ee728b)
Start importing Assets/Prefab/Range.prefab using Guid(af97386b868289f4ab34503a82d3a802) Importer(815301076,1909f56bfc062723c751e8b465ee728b)  -> (artifact id: 'f82b91827978ce45fe4cd3f3ed413417') in 0.017059 seconds
  Import took 0.019791 seconds .

========================================================================
Received Import Request.
  Time since last request: 2.861264 seconds.
  path: Assets/Prefab/Range.prefab
  artifactKey: Guid(af97386b868289f4ab34503a82d3a802) Importer(815301076,1909f56bfc062723c751e8b465ee728b)
Start importing Assets/Prefab/Range.prefab using Guid(af97386b868289f4ab34503a82d3a802) Importer(815301076,1909f56bfc062723c751e8b465ee728b)  -> (artifact id: 'a46f4c07b970480c1d5babbd3f2a25a0') in 0.015741 seconds
  Import took 0.017990 seconds .

========================================================================
Received Import Request.
  Time since last request: 5.410498 seconds.
  path: Assets/Prefab/Range.prefab
  artifactKey: Guid(af97386b868289f4ab34503a82d3a802) Importer(815301076,1909f56bfc062723c751e8b465ee728b)
Start importing Assets/Prefab/Range.prefab using Guid(af97386b868289f4ab34503a82d3a802) Importer(815301076,1909f56bfc062723c751e8b465ee728b)  -> (artifact id: '64ace33b3d2f6adf962a67850b0d356e') in 0.018268 seconds
  Import took 0.021274 seconds .

========================================================================
Received Import Request.
  Time since last request: 6.281140 seconds.
  path: Assets/Prefab/Range.prefab
  artifactKey: Guid(af97386b868289f4ab34503a82d3a802) Importer(815301076,1909f56bfc062723c751e8b465ee728b)
Start importing Assets/Prefab/Range.prefab using Guid(af97386b868289f4ab34503a82d3a802) Importer(815301076,1909f56bfc062723c751e8b465ee728b)  -> (artifact id: '28ba7af64f1f2b9748ae8908662d7e84') in 0.015852 seconds
  Import took 0.018459 seconds .

========================================================================
Received Import Request.
  Time since last request: 8.878870 seconds.
  path: Assets/Prefab/Range.prefab
  artifactKey: Guid(af97386b868289f4ab34503a82d3a802) Importer(815301076,1909f56bfc062723c751e8b465ee728b)
Start importing Assets/Prefab/Range.prefab using Guid(af97386b868289f4ab34503a82d3a802) Importer(815301076,1909f56bfc062723c751e8b465ee728b)  -> (artifact id: '59de9601c25e994cadd4e8458402dd15') in 0.015806 seconds
  Import took 0.018416 seconds .

========================================================================
Received Import Request.
  Time since last request: 4.031378 seconds.
  path: Assets/Prefab/Range.prefab
  artifactKey: Guid(af97386b868289f4ab34503a82d3a802) Importer(815301076,1909f56bfc062723c751e8b465ee728b)
Start importing Assets/Prefab/Range.prefab using Guid(af97386b868289f4ab34503a82d3a802) Importer(815301076,1909f56bfc062723c751e8b465ee728b)  -> (artifact id: '4375f1e69d7894118d415a54c9832596') in 0.023891 seconds
  Import took 0.026788 seconds .

========================================================================
Received Import Request.
  Time since last request: 16.370025 seconds.
  path: Assets/Prefab/Range.prefab
  artifactKey: Guid(af97386b868289f4ab34503a82d3a802) Importer(815301076,1909f56bfc062723c751e8b465ee728b)
Start importing Assets/Prefab/Range.prefab using Guid(af97386b868289f4ab34503a82d3a802) Importer(815301076,1909f56bfc062723c751e8b465ee728b)  -> (artifact id: '0f09dbefd644e64ee87f512ff168107c') in 0.025952 seconds
  Import took 0.037392 seconds .

========================================================================
Received Import Request.
  Time since last request: 2.260865 seconds.
  path: Assets/Prefab/Range.prefab
  artifactKey: Guid(af97386b868289f4ab34503a82d3a802) Importer(815301076,1909f56bfc062723c751e8b465ee728b)
Start importing Assets/Prefab/Range.prefab using Guid(af97386b868289f4ab34503a82d3a802) Importer(815301076,1909f56bfc062723c751e8b465ee728b)  -> (artifact id: '9445f857756669ceca54d286f207985b') in 0.016710 seconds
  Import took 0.020502 seconds .

========================================================================
Received Import Request.
  Time since last request: 3.466607 seconds.
  path: Assets/Prefab/Range.prefab
  artifactKey: Guid(af97386b868289f4ab34503a82d3a802) Importer(815301076,1909f56bfc062723c751e8b465ee728b)
Start importing Assets/Prefab/Range.prefab using Guid(af97386b868289f4ab34503a82d3a802) Importer(815301076,1909f56bfc062723c751e8b465ee728b)  -> (artifact id: '0086349a08b3c64cd1fe428e2a9e7bfa') in 0.015574 seconds
  Import took 0.018725 seconds .

========================================================================
Received Import Request.
  Time since last request: 1.835325 seconds.
  path: Assets/Prefab/Range.prefab
  artifactKey: Guid(af97386b868289f4ab34503a82d3a802) Importer(815301076,1909f56bfc062723c751e8b465ee728b)
Start importing Assets/Prefab/Range.prefab using Guid(af97386b868289f4ab34503a82d3a802) Importer(815301076,1909f56bfc062723c751e8b465ee728b)  -> (artifact id: '3bdd77bc342c7e72af7bd2f5329cf1c7') in 0.014955 seconds
  Import took 0.017404 seconds .

========================================================================
Received Import Request.
  Time since last request: 0.946108 seconds.
  path: Assets/Prefab/Range.prefab
  artifactKey: Guid(af97386b868289f4ab34503a82d3a802) Importer(815301076,1909f56bfc062723c751e8b465ee728b)
Start importing Assets/Prefab/Range.prefab using Guid(af97386b868289f4ab34503a82d3a802) Importer(815301076,1909f56bfc062723c751e8b465ee728b)  -> (artifact id: 'd7bd56c320898386bbe5000eba3ec0d1') in 0.015251 seconds
  Import took 0.032236 seconds .

========================================================================
Received Import Request.
  Time since last request: 34.138743 seconds.
  path: Assets/Scripts/AmmoPick.cs
  artifactKey: Guid(2a13ca4341f97bd4985760f57d72b29c) Importer(815301076,1909f56bfc062723c751e8b465ee728b)
Start importing Assets/Scripts/AmmoPick.cs using Guid(2a13ca4341f97bd4985760f57d72b29c) Importer(815301076,1909f56bfc062723c751e8b465ee728b)  -> (artifact id: '01a4b9660d933b9bc82538d31f4cd7ff') in 0.003445 seconds
  Import took 0.006052 seconds .

========================================================================
Received Import Request.
  Time since last request: 0.001918 seconds.
  path: Assets/Scripts/AmmoPick.cs
  artifactKey: Guid(2a13ca4341f97bd4985760f57d72b29c) Importer(815301076,1909f56bfc062723c751e8b465ee728b)
Start importing Assets/Scripts/AmmoPick.cs using Guid(2a13ca4341f97bd4985760f57d72b29c) Importer(815301076,1909f56bfc062723c751e8b465ee728b)  -> (artifact id: '01a4b9660d933b9bc82538d31f4cd7ff') in 0.002633 seconds
  Import took 0.005221 seconds .

========================================================================
Received Prepare
Registering precompiled user dll's ...
Registered in 0.000583 seconds.
Begin MonoManager ReloadAssembly
Native extension for WindowsStandalone target not found
Refreshing native plugins compatible for Editor in 0.21 ms, found 0 plugins.
Preloading 0 native plugins for Editor in 0.00 ms.
Mono: successfully reloaded assembly
- Completed reload, in  0.813 seconds
Platform modules already initialized, skipping
Refreshing native plugins compatible for Editor in 0.20 ms, found 0 plugins.
Preloading 0 native plugins for Editor in 0.00 ms.
Unloading 1127 Unused Serialized files (Serialized files now loaded: 0)
System memory in use before: 61.7 MB.
System memory in use after: 61.7 MB.

Unloading 6 unused Assets to reduce memory usage. Loaded Objects now: 1597.
Total: 1.860400 ms (FindLiveObjects: 0.144100 ms CreateObjectMapping: 0.035000 ms MarkObjects: 1.622800 ms  DeleteObjects: 0.057100 ms)

========================================================================
Received Import Request.
  Time since last request: 33.079047 seconds.
  path: Assets/Scripts/HPPick.cs
  artifactKey: Guid(a10deee8998c12b4789fbf0a98fe13c1) Importer(815301076,1909f56bfc062723c751e8b465ee728b)
Start importing Assets/Scripts/HPPick.cs using Guid(a10deee8998c12b4789fbf0a98fe13c1) Importer(815301076,1909f56bfc062723c751e8b465ee728b)  -> (artifact id: '78cddb3c2ca169b12f99dfd3c6c7c36a') in 0.005729 seconds
  Import took 0.008418 seconds .

========================================================================
Received Prepare
Registering precompiled user dll's ...
Registered in 0.000694 seconds.
Begin MonoManager ReloadAssembly
Native extension for WindowsStandalone target not found
Refreshing native plugins compatible for Editor in 0.24 ms, found 0 plugins.
Preloading 0 native plugins for Editor in 0.00 ms.
Mono: successfully reloaded assembly
- Completed reload, in  0.840 seconds
Platform modules already initialized, skipping
Refreshing native plugins compatible for Editor in 0.21 ms, found 0 plugins.
Preloading 0 native plugins for Editor in 0.00 ms.
Unloading 1127 Unused Serialized files (Serialized files now loaded: 0)
System memory in use before: 61.7 MB.
System memory in use after: 61.7 MB.

Unloading 5 unused Assets to reduce memory usage. Loaded Objects now: 1600.
Total: 1.699600 ms (FindLiveObjects: 0.224800 ms CreateObjectMapping: 0.060700 ms MarkObjects: 1.358900 ms  DeleteObjects: 0.054100 ms)

========================================================================
Received Prepare
Registering precompiled user dll's ...
Registered in 0.000880 seconds.
Begin MonoManager ReloadAssembly
Native extension for WindowsStandalone target not found
Refreshing native plugins compatible for Editor in 0.26 ms, found 0 plugins.
Preloading 0 native plugins for Editor in 0.00 ms.
Mono: successfully reloaded assembly
- Completed reload, in  1.049 seconds
Platform modules already initialized, skipping
Refreshing native plugins compatible for Editor in 0.22 ms, found 0 plugins.
Preloading 0 native plugins for Editor in 0.00 ms.
Unloading 1127 Unused Serialized files (Serialized files now loaded: 0)
System memory in use before: 61.7 MB.
System memory in use after: 61.8 MB.

Unloading 5 unused Assets to reduce memory usage. Loaded Objects now: 1603.
Total: 1.993800 ms (FindLiveObjects: 0.174300 ms CreateObjectMapping: 0.046600 ms MarkObjects: 1.700300 ms  DeleteObjects: 0.070400 ms)

========================================================================
Received Import Request.
  Time since last request: 108.593856 seconds.
  path: Assets/Prefab/Range.prefab
  artifactKey: Guid(af97386b868289f4ab34503a82d3a802) Importer(815301076,1909f56bfc062723c751e8b465ee728b)
Start importing Assets/Prefab/Range.prefab using Guid(af97386b868289f4ab34503a82d3a802) Importer(815301076,1909f56bfc062723c751e8b465ee728b)  -> (artifact id: '35890696b7605f73f93856128e237582') in 0.092375 seconds
  Import took 0.095935 seconds .

========================================================================
Received Prepare
Registering precompiled user dll's ...
Registered in 0.000633 seconds.
Begin MonoManager ReloadAssembly
Native extension for WindowsStandalone target not found
Refreshing native plugins compatible for Editor in 0.21 ms, found 0 plugins.
Preloading 0 native plugins for Editor in 0.00 ms.
Mono: successfully reloaded assembly
- Completed reload, in  0.854 seconds
Platform modules already initialized, skipping
Refreshing native plugins compatible for Editor in 0.24 ms, found 0 plugins.
Preloading 0 native plugins for Editor in 0.00 ms.
Unloading 1127 Unused Serialized files (Serialized files now loaded: 0)
System memory in use before: 61.7 MB.
System memory in use after: 61.8 MB.

Unloading 6 unused Assets to reduce memory usage. Loaded Objects now: 1607.
Total: 1.886000 ms (FindLiveObjects: 0.148300 ms CreateObjectMapping: 0.037900 ms MarkObjects: 1.614900 ms  DeleteObjects: 0.083400 ms)

========================================================================
Received Prepare
Registering precompiled user dll's ...
Registered in 0.000577 seconds.
Begin MonoManager ReloadAssembly
Native extension for WindowsStandalone target not found
Refreshing native plugins compatible for Editor in 0.23 ms, found 0 plugins.
Preloading 0 native plugins for Editor in 0.00 ms.
Mono: successfully reloaded assembly
- Completed reload, in  0.808 seconds
Platform modules already initialized, skipping
Refreshing native plugins compatible for Editor in 0.20 ms, found 0 plugins.
Preloading 0 native plugins for Editor in 0.00 ms.
Unloading 1127 Unused Serialized files (Serialized files now loaded: 0)
System memory in use before: 61.7 MB.
System memory in use after: 61.8 MB.

Unloading 5 unused Assets to reduce memory usage. Loaded Objects now: 1610.
Total: 2.010200 ms (FindLiveObjects: 0.186900 ms CreateObjectMapping: 0.040200 ms MarkObjects: 1.698300 ms  DeleteObjects: 0.083000 ms)

========================================================================
Received Import Request.
  Time since last request: 92.909110 seconds.
  path: Assets/Prefab/Ammo_Pack.prefab
  artifactKey: Guid(dabf310f8d5c46c4cab0c13ef825bb5b) Importer(815301076,1909f56bfc062723c751e8b465ee728b)
Start importing Assets/Prefab/Ammo_Pack.prefab using Guid(dabf310f8d5c46c4cab0c13ef825bb5b) Importer(815301076,1909f56bfc062723c751e8b465ee728b)  -> (artifact id: '97f14197c124c25dd446a40c089ce124') in 0.074165 seconds
  Import took 0.085652 seconds .

========================================================================
Received Prepare
Registering precompiled user dll's ...
Registered in 0.000804 seconds.
Begin MonoManager ReloadAssembly
Native extension for WindowsStandalone target not found
Refreshing native plugins compatible for Editor in 0.21 ms, found 0 plugins.
Preloading 0 native plugins for Editor in 0.00 ms.
Mono: successfully reloaded assembly
- Completed reload, in  0.848 seconds
Platform modules already initialized, skipping
Refreshing native plugins compatible for Editor in 0.21 ms, found 0 plugins.
Preloading 0 native plugins for Editor in 0.00 ms.
Unloading 1127 Unused Serialized files (Serialized files now loaded: 0)
System memory in use before: 61.7 MB.
System memory in use after: 61.8 MB.

Unloading 5 unused Assets to reduce memory usage. Loaded Objects now: 1614.
Total: 1.856100 ms (FindLiveObjects: 0.187300 ms CreateObjectMapping: 0.052900 ms MarkObjects: 1.556300 ms  DeleteObjects: 0.057600 ms)

========================================================================
Received Prepare
Registering precompiled user dll's ...
Registered in 0.000819 seconds.
Begin MonoManager ReloadAssembly
Native extension for WindowsStandalone target not found
Refreshing native plugins compatible for Editor in 0.23 ms, found 0 plugins.
Preloading 0 native plugins for Editor in 0.00 ms.
Mono: successfully reloaded assembly
- Completed reload, in  0.816 seconds
Platform modules already initialized, skipping
Refreshing native plugins compatible for Editor in 0.20 ms, found 0 plugins.
Preloading 0 native plugins for Editor in 0.00 ms.
Unloading 1127 Unused Serialized files (Serialized files now loaded: 0)
System memory in use before: 61.7 MB.
System memory in use after: 61.8 MB.

Unloading 5 unused Assets to reduce memory usage. Loaded Objects now: 1617.
Total: 1.903700 ms (FindLiveObjects: 0.200100 ms CreateObjectMapping: 0.038000 ms MarkObjects: 1.593100 ms  DeleteObjects: 0.070900 ms)

========================================================================
Received Prepare
Registering precompiled user dll's ...
Registered in 0.000684 seconds.
Begin MonoManager ReloadAssembly
Native extension for WindowsStandalone target not found
Refreshing native plugins compatible for Editor in 0.25 ms, found 0 plugins.
Preloading 0 native plugins for Editor in 0.00 ms.
Mono: successfully reloaded assembly
- Completed reload, in  0.778 seconds
Platform modules already initialized, skipping
Refreshing native plugins compatible for Editor in 0.21 ms, found 0 plugins.
Preloading 0 native plugins for Editor in 0.00 ms.
Unloading 1127 Unused Serialized files (Serialized files now loaded: 0)
System memory in use before: 61.7 MB.
System memory in use after: 61.8 MB.

Unloading 5 unused Assets to reduce memory usage. Loaded Objects now: 1620.
Total: 2.014400 ms (FindLiveObjects: 0.205500 ms CreateObjectMapping: 0.059200 ms MarkObjects: 1.689700 ms  DeleteObjects: 0.057900 ms)

========================================================================
Received Prepare
Registering precompiled user dll's ...
Registered in 0.000609 seconds.
Begin MonoManager ReloadAssembly
Native extension for WindowsStandalone target not found
Refreshing native plugins compatible for Editor in 0.21 ms, found 0 plugins.
Preloading 0 native plugins for Editor in 0.00 ms.
Mono: successfully reloaded assembly
- Completed reload, in  0.885 seconds
Platform modules already initialized, skipping
Refreshing native plugins compatible for Editor in 0.21 ms, found 0 plugins.
Preloading 0 native plugins for Editor in 0.00 ms.
Unloading 1127 Unused Serialized files (Serialized files now loaded: 0)
System memory in use before: 61.7 MB.
System memory in use after: 61.8 MB.

Unloading 5 unused Assets to reduce memory usage. Loaded Objects now: 1623.
Total: 1.958800 ms (FindLiveObjects: 0.250800 ms CreateObjectMapping: 0.052700 ms MarkObjects: 1.590000 ms  DeleteObjects: 0.063400 ms)

========================================================================
Received Prepare
Registering precompiled user dll's ...
Registered in 0.000879 seconds.
Begin MonoManager ReloadAssembly
Native extension for WindowsStandalone target not found
Refreshing native plugins compatible for Editor in 0.21 ms, found 0 plugins.
Preloading 0 native plugins for Editor in 0.00 ms.
Mono: successfully reloaded assembly
- Completed reload, in  0.885 seconds
Platform modules already initialized, skipping
Refreshing native plugins compatible for Editor in 0.23 ms, found 0 plugins.
Preloading 0 native plugins for Editor in 0.00 ms.
Unloading 1127 Unused Serialized files (Serialized files now loaded: 0)
System memory in use before: 61.7 MB.
System memory in use after: 61.8 MB.

Unloading 5 unused Assets to reduce memory usage. Loaded Objects now: 1626.
Total: 1.774100 ms (FindLiveObjects: 0.215500 ms CreateObjectMapping: 0.066200 ms MarkObjects: 1.430500 ms  DeleteObjects: 0.060100 ms)

========================================================================
Received Prepare
Registering precompiled user dll's ...
Registered in 0.000857 seconds.
Begin MonoManager ReloadAssembly
Native extension for WindowsStandalone target not found
Refreshing native plugins compatible for Editor in 0.24 ms, found 0 plugins.
Preloading 0 native plugins for Editor in 0.00 ms.
Mono: successfully reloaded assembly
- Completed reload, in  1.084 seconds
Platform modules already initialized, skipping
Refreshing native plugins compatible for Editor in 0.21 ms, found 0 plugins.
Preloading 0 native plugins for Editor in 0.00 ms.
Unloading 1127 Unused Serialized files (Serialized files now loaded: 0)
System memory in use before: 61.7 MB.
System memory in use after: 61.8 MB.

Unloading 5 unused Assets to reduce memory usage. Loaded Objects now: 1629.
Total: 1.642700 ms (FindLiveObjects: 0.201100 ms CreateObjectMapping: 0.042600 ms MarkObjects: 1.344700 ms  DeleteObjects: 0.052800 ms)

========================================================================
Received Import Request.
  Time since last request: 481.125395 seconds.
  path: Assets/Prefab/Range.prefab
  artifactKey: Guid(af97386b868289f4ab34503a82d3a802) Importer(815301076,1909f56bfc062723c751e8b465ee728b)
Start importing Assets/Prefab/Range.prefab using Guid(af97386b868289f4ab34503a82d3a802) Importer(815301076,1909f56bfc062723c751e8b465ee728b)  -> (artifact id: '31891e3b3d9978bdf26dad1b63982354') in 0.073231 seconds
  Import took 0.089428 seconds .

========================================================================
Received Import Request.
  Time since last request: 3.958970 seconds.
  path: Assets/Prefab/Range.prefab
  artifactKey: Guid(af97386b868289f4ab34503a82d3a802) Importer(815301076,1909f56bfc062723c751e8b465ee728b)
Start importing Assets/Prefab/Range.prefab using Guid(af97386b868289f4ab34503a82d3a802) Importer(815301076,1909f56bfc062723c751e8b465ee728b)  -> (artifact id: '4683000cab94163b1409d487a0db0b4f') in 0.020687 seconds
  Import took 0.023335 seconds .

========================================================================
Received Import Request.
  Time since last request: 2.351539 seconds.
  path: Assets/Prefab/Range.prefab
  artifactKey: Guid(af97386b868289f4ab34503a82d3a802) Importer(815301076,1909f56bfc062723c751e8b465ee728b)
Start importing Assets/Prefab/Range.prefab using Guid(af97386b868289f4ab34503a82d3a802) Importer(815301076,1909f56bfc062723c751e8b465ee728b)  -> (artifact id: '14092c70fcffc73dc0ed63fba1734212') in 0.013138 seconds
  Import took 0.015728 seconds .

========================================================================
Received Prepare
Registering precompiled user dll's ...
Registered in 0.000834 seconds.
Begin MonoManager ReloadAssembly
Native extension for WindowsStandalone target not found
Refreshing native plugins compatible for Editor in 0.39 ms, found 0 plugins.
Preloading 0 native plugins for Editor in 0.00 ms.
Mono: successfully reloaded assembly
- Completed reload, in  0.869 seconds
Platform modules already initialized, skipping
Refreshing native plugins compatible for Editor in 0.21 ms, found 0 plugins.
Preloading 0 native plugins for Editor in 0.00 ms.
Unloading 1127 Unused Serialized files (Serialized files now loaded: 0)
System memory in use before: 61.8 MB.
System memory in use after: 61.8 MB.

Unloading 6 unused Assets to reduce memory usage. Loaded Objects now: 1633.
Total: 1.837500 ms (FindLiveObjects: 0.145400 ms CreateObjectMapping: 0.038800 ms MarkObjects: 1.589700 ms  DeleteObjects: 0.061900 ms)

========================================================================
Received Prepare
Registering precompiled user dll's ...
Registered in 0.000574 seconds.
Begin MonoManager ReloadAssembly
Native extension for WindowsStandalone target not found
Refreshing native plugins compatible for Editor in 0.22 ms, found 0 plugins.
Preloading 0 native plugins for Editor in 0.00 ms.
Mono: successfully reloaded assembly
- Completed reload, in  0.782 seconds
Platform modules already initialized, skipping
Refreshing native plugins compatible for Editor in 0.20 ms, found 0 plugins.
Preloading 0 native plugins for Editor in 0.00 ms.
Unloading 1127 Unused Serialized files (Serialized files now loaded: 0)
System memory in use before: 61.8 MB.
System memory in use after: 61.8 MB.

Unloading 5 unused Assets to reduce memory usage. Loaded Objects now: 1636.
Total: 1.913800 ms (FindLiveObjects: 0.215700 ms CreateObjectMapping: 0.055800 ms MarkObjects: 1.583400 ms  DeleteObjects: 0.057400 ms)

========================================================================
Received Prepare
Registering precompiled user dll's ...
Registered in 0.001971 seconds.
Begin MonoManager ReloadAssembly
Native extension for WindowsStandalone target not found
Refreshing native plugins compatible for Editor in 0.21 ms, found 0 plugins.
Preloading 0 native plugins for Editor in 0.00 ms.
Mono: successfully reloaded assembly
- Completed reload, in  0.859 seconds
Platform modules already initialized, skipping
Refreshing native plugins compatible for Editor in 0.21 ms, found 0 plugins.
Preloading 0 native plugins for Editor in 0.00 ms.
Unloading 1127 Unused Serialized files (Serialized files now loaded: 0)
System memory in use before: 61.8 MB.
System memory in use after: 61.8 MB.

Unloading 5 unused Assets to reduce memory usage. Loaded Objects now: 1639.
Total: 2.922600 ms (FindLiveObjects: 0.307300 ms CreateObjectMapping: 0.046100 ms MarkObjects: 2.494600 ms  DeleteObjects: 0.072400 ms)

========================================================================
Received Import Request.
  Time since last request: 363.503158 seconds.
  path: Assets/Scripts/PlayerMovement.cs
  artifactKey: Guid(833a5ca15f0039f4b9bd94dfca1c33c1) Importer(815301076,1909f56bfc062723c751e8b465ee728b)
Start importing Assets/Scripts/PlayerMovement.cs using Guid(833a5ca15f0039f4b9bd94dfca1c33c1) Importer(815301076,1909f56bfc062723c751e8b465ee728b)  -> (artifact id: '671a05d5e5cb3b6bfdfe82835bb440d1') in 0.003954 seconds
  Import took 0.006010 seconds .

========================================================================
Received Import Request.
  Time since last request: 279.501660 seconds.
  path: Assets/Prefab/SpawnPack1.prefab
  artifactKey: Guid(0d458c6ead1e55b46beb6624d5051d90) Importer(815301076,1909f56bfc062723c751e8b465ee728b)
Start importing Assets/Prefab/SpawnPack1.prefab using Guid(0d458c6ead1e55b46beb6624d5051d90) Importer(815301076,1909f56bfc062723c751e8b465ee728b)  -> (artifact id: '3121245e97cb82fc5cfa9f432369312d') in 0.095668 seconds
  Import took 0.099180 seconds .

========================================================================
Received Import Request.
  Time since last request: 11.279915 seconds.
  path: Assets/Prefab/SpawnPack3.prefab
  artifactKey: Guid(cca68a3b93d4c0e47b87bb710b793bef) Importer(815301076,1909f56bfc062723c751e8b465ee728b)
Start importing Assets/Prefab/SpawnPack3.prefab using Guid(cca68a3b93d4c0e47b87bb710b793bef) Importer(815301076,1909f56bfc062723c751e8b465ee728b)  -> (artifact id: '6ea9a8139c076761169535004a7b0772') in 0.025360 seconds
  Import took 0.028680 seconds .

========================================================================
Received Import Request.
  Time since last request: 0.003068 seconds.
  path: Assets/Prefab/SpawnPack3.prefab
  artifactKey: Guid(cca68a3b93d4c0e47b87bb710b793bef) Importer(815301076,1909f56bfc062723c751e8b465ee728b)
Start importing Assets/Prefab/SpawnPack3.prefab using Guid(cca68a3b93d4c0e47b87bb710b793bef) Importer(815301076,1909f56bfc062723c751e8b465ee728b)  -> (artifact id: '6ea9a8139c076761169535004a7b0772') in 0.022841 seconds
  Import took 0.026723 seconds .

========================================================================
Received Import Request.
  Time since last request: 5.241401 seconds.
  path: Assets/Prefab/RangePack.prefab
  artifactKey: Guid(cca68a3b93d4c0e47b87bb710b793bef) Importer(815301076,1909f56bfc062723c751e8b465ee728b)
Start importing Assets/Prefab/RangePack.prefab using Guid(cca68a3b93d4c0e47b87bb710b793bef) Importer(815301076,1909f56bfc062723c751e8b465ee728b)  -> (artifact id: '0dfc3ca77d97d48b3e6e9d4feb8fe2ce') in 0.027145 seconds
  Import took 0.029936 seconds .

========================================================================
Received Import Request.
  Time since last request: 6.089098 seconds.
  path: Assets/Prefab/Meleepack.prefab
  artifactKey: Guid(0d458c6ead1e55b46beb6624d5051d90) Importer(815301076,1909f56bfc062723c751e8b465ee728b)
Start importing Assets/Prefab/Meleepack.prefab using Guid(0d458c6ead1e55b46beb6624d5051d90) Importer(815301076,1909f56bfc062723c751e8b465ee728b)  -> (artifact id: '8974d3c0fa1171e5007d261a0dc23850') in 0.026232 seconds
  Import took 0.038834 seconds .

========================================================================
Received Import Request.
  Time since last request: 43.433771 seconds.
  path: Assets/Prefab/RangePack.prefab
  artifactKey: Guid(cca68a3b93d4c0e47b87bb710b793bef) Importer(815301076,1909f56bfc062723c751e8b465ee728b)
Start importing Assets/Prefab/RangePack.prefab using Guid(cca68a3b93d4c0e47b87bb710b793bef) Importer(815301076,1909f56bfc062723c751e8b465ee728b)  -> (artifact id: '839f74d78daee5897607a7c15dd29c62') in 0.031589 seconds
  Import took 0.046671 seconds .

========================================================================
Received Import Request.
  Time since last request: 1.151802 seconds.
  path: Assets/Prefab/RangePack.prefab
  artifactKey: Guid(cca68a3b93d4c0e47b87bb710b793bef) Importer(815301076,1909f56bfc062723c751e8b465ee728b)
Start importing Assets/Prefab/RangePack.prefab using Guid(cca68a3b93d4c0e47b87bb710b793bef) Importer(815301076,1909f56bfc062723c751e8b465ee728b)  -> (artifact id: 'deab7accb72cc6494a3bba8ee4364c9d') in 0.018008 seconds
  Import took 0.021302 seconds .

========================================================================
Received Import Request.
  Time since last request: 0.001807 seconds.
  path: Assets/Prefab/RangePack.prefab
  artifactKey: Guid(cca68a3b93d4c0e47b87bb710b793bef) Importer(815301076,1909f56bfc062723c751e8b465ee728b)
Start importing Assets/Prefab/RangePack.prefab using Guid(cca68a3b93d4c0e47b87bb710b793bef) Importer(815301076,1909f56bfc062723c751e8b465ee728b)  -> (artifact id: 'deab7accb72cc6494a3bba8ee4364c9d') in 0.013999 seconds
  Import took 0.016759 seconds .

========================================================================
Received Import Request.
  Time since last request: 3.853342 seconds.
  path: Assets/Prefab/Meleepack.prefab
  artifactKey: Guid(0d458c6ead1e55b46beb6624d5051d90) Importer(815301076,1909f56bfc062723c751e8b465ee728b)
Start importing Assets/Prefab/Meleepack.prefab using Guid(0d458c6ead1e55b46beb6624d5051d90) Importer(815301076,1909f56bfc062723c751e8b465ee728b)  -> (artifact id: '6011041b287f10d070fce76aa1019c68') in 0.030138 seconds
  Import took 0.035007 seconds .

AssetImportWorkerClient::OnTransportError - code=2 error=End of file
